<?xml version="1.0" encoding="UTF-8"?>
<testng-results skipped="0" failed="0" total="1" passed="1">
  <reporter-output>
  </reporter-output>
  <suite name="Suite" duration-ms="19" started-at="2016-12-14T12:37:45Z" finished-at="2016-12-14T12:37:45Z">
    <groups>
    </groups>
    <test name="Test" duration-ms="19" started-at="2016-12-14T12:37:45Z" finished-at="2016-12-14T12:37:45Z">
      <class name="JenkinsDemo">
        <test-method status="PASS" signature="Test()[pri:0, instance:JenkinsDemo@75412c2f]" name="Test" duration-ms="6" started-at="2016-12-14T18:07:45Z" finished-at="2016-12-14T18:07:45Z">
          <reporter-output>
          </reporter-output>
        </test-method> <!-- Test -->
      </class> <!-- JenkinsDemo -->
    </test> <!-- Test -->
  </suite> <!-- Suite -->
</testng-results>
